Vivado Simulator 2019.2
Copyright 1986-1999, 2001-2019 Xilinx, Inc. All Rights Reserved.
Running: D:/Xilinx/Vivado/2019.2/bin/unwrapped/win64.o/xelab.exe -wto f64dd51de259492d93bd1922eb923ed9 --incr --debug typical --relax --mt 2 -L xil_defaultlib -L unisims_ver -L unimacro_ver -L secureip --snapshot tb_top_behav xil_defaultlib.tb_top xil_defaultlib.glbl -log elaborate.log 
Using 2 slave threads.
Starting static elaboration
Pass Through NonSizing Optimizer
Completed static elaboration
Starting simulation data flow analysis
WARNING: [XSIM 43-4099] "D:/Labs/CALab/mycpu_env/gettrace/src/soc_lite_top.v" Line 60. Module soc_lite_top(SIMULATION=1'b1) doesn't have a timescale but at least one module in design has a timescale.
WARNING: [XSIM 43-4099] "D:/Labs/CALab/mycpu_env/gettrace/src/myCPU/SimpleLACoreWrapRAM.v" Line 6725. Module SimpleLACoreWrapRAM doesn't have a timescale but at least one module in design has a timescale.
WARNING: [XSIM 43-4099] "D:/Labs/CALab/mycpu_env/gettrace/src/myCPU/SimpleLACoreWrapRAM.v" Line 1. Module SimpleLACore doesn't have a timescale but at least one module in design has a timescale.
WARNING: [XSIM 43-4099] "D:/Labs/CALab/mycpu_env/gettrace/src/BRIDGE/bridge_1x2.v" Line 50. Module bridge_1x2 doesn't have a timescale but at least one module in design has a timescale.
WARNING: [XSIM 43-4099] "D:/Labs/CALab/mycpu_env/gettrace/src/CONFREG/confreg.v" Line 74. Module confreg(SIMULATION=1'b1) doesn't have a timescale but at least one module in design has a timescale.
Completed simulation data flow analysis
Time Resolution for simulation is 1ps
Compiling module xil_defaultlib.SimpleLACore
Compiling module xil_defaultlib.SimpleLACoreWrapRAM
Compiling module xil_defaultlib.bridge_1x2
Compiling module xil_defaultlib.confreg(SIMULATION=1'b1)
Compiling module xil_defaultlib.soc_lite_top(SIMULATION=1'b1)
Compiling module xil_defaultlib.tb_top
Compiling module xil_defaultlib.glbl
Built simulation snapshot tb_top_behav
