Vivado Simulator 2019.2
Time resolution is 1 ps
==============================================================
Test begin!
----[  12055 ns] Number 8'd01 Functional Test Point PASS!!!
        [  22000 ns] Test is running, debug_wb_pc = 0x1c06aebc
        [  32000 ns] Test is running, debug_wb_pc = 0x1c06be5c
----[  36405 ns] Number 8'd02 Functional Test Point PASS!!!
        [  42000 ns] Test is running, debug_wb_pc = 0x1c03c880
        [  52000 ns] Test is running, debug_wb_pc = 0x1c03d820
----[  54735 ns] Number 8'd03 Functional Test Point PASS!!!
        [  62000 ns] Test is running, debug_wb_pc = 0x1c01dbec
        [  72000 ns] Test is running, debug_wb_pc = 0x1c01eb8c
----[  79085 ns] Number 8'd04 Functional Test Point PASS!!!
        [  82000 ns] Test is running, debug_wb_pc = 0x1c041978
        [  92000 ns] Test is running, debug_wb_pc = 0x1c042918
        [ 102000 ns] Test is running, debug_wb_pc = 0x1c0438b8
----[ 103435 ns] Number 8'd05 Functional Test Point PASS!!!
        [ 112000 ns] Test is running, debug_wb_pc = 0x1c02e8a4
        [ 122000 ns] Test is running, debug_wb_pc = 0x1c02f844
----[ 127785 ns] Number 8'd06 Functional Test Point PASS!!!
        [ 132000 ns] Test is running, debug_wb_pc = 0x1c019510
        [ 142000 ns] Test is running, debug_wb_pc = 0x1c01a4b0
        [ 152000 ns] Test is running, debug_wb_pc = 0x1c01b450
----[ 152135 ns] Number 8'd07 Functional Test Point PASS!!!
        [ 162000 ns] Test is running, debug_wb_pc = 0x1c071254
        [ 172000 ns] Test is running, debug_wb_pc = 0x1c0721f4
----[ 176485 ns] Number 8'd08 Functional Test Point PASS!!!
        [ 182000 ns] Test is running, debug_wb_pc = 0x1c044348
        [ 192000 ns] Test is running, debug_wb_pc = 0x1c0452e8
----[ 200835 ns] Number 8'd09 Functional Test Point PASS!!!
        [ 202000 ns] Test is running, debug_wb_pc = 0x1c067b44
        [ 212000 ns] Test is running, debug_wb_pc = 0x1c068ae4
        [ 222000 ns] Test is running, debug_wb_pc = 0x1c069a84
----[ 225185 ns] Number 8'd10 Functional Test Point PASS!!!
        [ 232000 ns] Test is running, debug_wb_pc = 0x1c078e70
        [ 242000 ns] Test is running, debug_wb_pc = 0x1c079e10
----[ 243515 ns] Number 8'd11 Functional Test Point PASS!!!
        [ 252000 ns] Test is running, debug_wb_pc = 0x1c05040c
----[ 261845 ns] Number 8'd12 Functional Test Point PASS!!!
        [ 262000 ns] Test is running, debug_wb_pc = 0x1c0102c8
        [ 272000 ns] Test is running, debug_wb_pc = 0x1c0310e0
----[ 280175 ns] Number 8'd13 Functional Test Point PASS!!!
        [ 282000 ns] Test is running, debug_wb_pc = 0x1c07ea2c
----[ 290685 ns] Number 8'd14 Functional Test Point PASS!!!
        [ 292000 ns] Test is running, debug_wb_pc = 0x1c080cc8
----[ 301995 ns] Number 8'd15 Functional Test Point PASS!!!
        [ 302000 ns] Test is running, debug_wb_pc = 0x1c0100c4
        [ 312000 ns] Test is running, debug_wb_pc = 0x1c011bc4
        [ 322000 ns] Test is running, debug_wb_pc = 0x1c013014
        [ 332000 ns] Test is running, debug_wb_pc = 0x1c014104
        [ 342000 ns] Test is running, debug_wb_pc = 0x1c01520c
        [ 352000 ns] Test is running, debug_wb_pc = 0x1c0165c4
        [ 362000 ns] Test is running, debug_wb_pc = 0x1c017a54
----[ 363495 ns] Number 8'd16 Functional Test Point PASS!!!
        [ 372000 ns] Test is running, debug_wb_pc = 0x1c0204bc
        [ 382000 ns] Test is running, debug_wb_pc = 0x1c0215a0
        [ 392000 ns] Test is running, debug_wb_pc = 0x1c02289c
        [ 402000 ns] Test is running, debug_wb_pc = 0x1c023d2c
        [ 412000 ns] Test is running, debug_wb_pc = 0x1c024f84
        [ 422000 ns] Test is running, debug_wb_pc = 0x1c026074
----[ 428955 ns] Number 8'd17 Functional Test Point PASS!!!
        [ 432000 ns] Test is running, debug_wb_pc = 0x1c05b91c
        [ 442000 ns] Test is running, debug_wb_pc = 0x1c05ca00
        [ 452000 ns] Test is running, debug_wb_pc = 0x1c05dac4
        [ 462000 ns] Test is running, debug_wb_pc = 0x1c05eb94
        [ 472000 ns] Test is running, debug_wb_pc = 0x1c05fc6c
----[ 481225 ns] Number 8'd18 Functional Test Point PASS!!!
        [ 482000 ns] Test is running, debug_wb_pc = 0x1c036fa8
        [ 492000 ns] Test is running, debug_wb_pc = 0x1c038098
        [ 502000 ns] Test is running, debug_wb_pc = 0x1c039188
        [ 512000 ns] Test is running, debug_wb_pc = 0x1c03a270
        [ 522000 ns] Test is running, debug_wb_pc = 0x1c03b360
----[ 529495 ns] Number 8'd19 Functional Test Point PASS!!!
        [ 532000 ns] Test is running, debug_wb_pc = 0x1c04b954
        [ 542000 ns] Test is running, debug_wb_pc = 0x1c04ca9c
        [ 552000 ns] Test is running, debug_wb_pc = 0x1c04dbdc
        [ 562000 ns] Test is running, debug_wb_pc = 0x1c04ed24
----[ 567765 ns] Number 8'd20 Functional Test Point PASS!!!
        [ 572000 ns] Test is running, debug_wb_pc = 0x1c06dc28
        [ 582000 ns] Test is running, debug_wb_pc = 0x1c06ebd0
        [ 592000 ns] Test is running, debug_wb_pc = 0x1c06fb70
----[ 595125 ns] Number 8'd21 Functional Test Point PASS!!!
        [ 602000 ns] Test is running, debug_wb_pc = 0x1c077230
        [ 612000 ns] Test is running, debug_wb_pc = 0x1c0781d0
----[ 613455 ns] Number 8'd22 Functional Test Point PASS!!!
        [ 622000 ns] Test is running, debug_wb_pc = 0x1c01c194
----[ 631785 ns] Number 8'd23 Functional Test Point PASS!!!
        [ 632000 ns] Test is running, debug_wb_pc = 0x1c0460c0
        [ 642000 ns] Test is running, debug_wb_pc = 0x1c047060
----[ 650115 ns] Number 8'd24 Functional Test Point PASS!!!
        [ 652000 ns] Test is running, debug_wb_pc = 0x1c07a5ec
        [ 662000 ns] Test is running, debug_wb_pc = 0x1c07b58c
----[ 668445 ns] Number 8'd25 Functional Test Point PASS!!!
        [ 672000 ns] Test is running, debug_wb_pc = 0x1c048250
        [ 682000 ns] Test is running, debug_wb_pc = 0x1c0491f0
----[ 686775 ns] Number 8'd26 Functional Test Point PASS!!!
        [ 692000 ns] Test is running, debug_wb_pc = 0x1c07c77c
        [ 702000 ns] Test is running, debug_wb_pc = 0x1c07d71c
----[ 711125 ns] Number 8'd27 Functional Test Point PASS!!!
        [ 712000 ns] Test is running, debug_wb_pc = 0x1c0569b8
        [ 722000 ns] Test is running, debug_wb_pc = 0x1c057958
        [ 732000 ns] Test is running, debug_wb_pc = 0x1c0588f8
----[ 735475 ns] Number 8'd28 Functional Test Point PASS!!!
        [ 742000 ns] Test is running, debug_wb_pc = 0x1c03e64c
        [ 752000 ns] Test is running, debug_wb_pc = 0x1c03f5ec
----[ 759825 ns] Number 8'd29 Functional Test Point PASS!!!
        [ 762000 ns] Test is running, debug_wb_pc = 0x1c060f08
----[ 768595 ns] Number 8'd30 Functional Test Point PASS!!!
        [ 772000 ns] Test is running, debug_wb_pc = 0x1c02715c
----[ 781235 ns] Number 8'd31 Functional Test Point PASS!!!
        [ 782000 ns] Test is running, debug_wb_pc = 0x1c04030c
        [ 792000 ns] Test is running, debug_wb_pc = 0x1c0412ac
----[ 793625 ns] Number 8'd32 Functional Test Point PASS!!!
        [ 802000 ns] Test is running, debug_wb_pc = 0x1c080488
----[ 806155 ns] Number 8'd33 Functional Test Point PASS!!!
        [ 812000 ns] Test is running, debug_wb_pc = 0x1c018624
----[ 817525 ns] Number 8'd34 Functional Test Point PASS!!!
        [ 822000 ns] Test is running, debug_wb_pc = 0x1c06cd48
----[ 827485 ns] Number 8'd35 Functional Test Point PASS!!!
        [ 832000 ns] Test is running, debug_wb_pc = 0x1c051a30
----[ 841825 ns] Number 8'd36 Functional Test Point PASS!!!
        [ 842000 ns] Test is running, debug_wb_pc = 0x1c0102d0
        [ 852000 ns] Test is running, debug_wb_pc = 0x1c073c80
        [ 862000 ns] Test is running, debug_wb_pc = 0x1c075030
        [ 872000 ns] Test is running, debug_wb_pc = 0x1c0763e8
----[ 873975 ns] Number 8'd37 Functional Test Point PASS!!!
        [ 882000 ns] Test is running, debug_wb_pc = 0x1c06291c
        [ 892000 ns] Test is running, debug_wb_pc = 0x1c063cfc
        [ 902000 ns] Test is running, debug_wb_pc = 0x1c06505c
----[ 905955 ns] Number 8'd38 Functional Test Point PASS!!!
        [ 912000 ns] Test is running, debug_wb_pc = 0x1c0534e4
        [ 922000 ns] Test is running, debug_wb_pc = 0x1c054888
        [ 932000 ns] Test is running, debug_wb_pc = 0x1c055bec
----[ 938655 ns] Number 8'd39 Functional Test Point PASS!!!
        [ 942000 ns] Test is running, debug_wb_pc = 0x1c02a2fc
        [ 952000 ns] Test is running, debug_wb_pc = 0x1c02b67c
        [ 962000 ns] Test is running, debug_wb_pc = 0x1c02ca20
----[ 970695 ns] Number 8'd40 Functional Test Point PASS!!!
        [ 972000 ns] Test is running, debug_wb_pc = 0x1c03506c
        [ 982000 ns] Test is running, debug_wb_pc = 0x1c03600c
----[ 989685 ns] Number 8'd41 Functional Test Point PASS!!!
        [ 992000 ns] Test is running, debug_wb_pc = 0x1c04a030
        [1002000 ns] Test is running, debug_wb_pc = 0x1c04afd0
----[1003715 ns] Number 8'd42 Functional Test Point PASS!!!
        [1012000 ns] Test is running, debug_wb_pc = 0x1c059c6c
        [1022000 ns] Test is running, debug_wb_pc = 0x1c05ac0c
----[1024145 ns] Number 8'd43 Functional Test Point PASS!!!
        [1032000 ns] Test is running, debug_wb_pc = 0x1c028d28
        [1042000 ns] Test is running, debug_wb_pc = 0x1c029cc8
----[1042015 ns] Number 8'd44 Functional Test Point PASS!!!
        [1052000 ns] Test is running, debug_wb_pc = 0x1c06675c
        [1062000 ns] Test is running, debug_wb_pc = 0x1c0676fc
----[1063755 ns] Number 8'd45 Functional Test Point PASS!!!
        [1072000 ns] Test is running, debug_wb_pc = 0x1c033994
        [1082000 ns] Test is running, debug_wb_pc = 0x1c034934
----[1083595 ns] Number 8'd46 Functional Test Point PASS!!!
----[1087275 ns] Number 8'd47 Functional Test Point PASS!!!
----[1091145 ns] Number 8'd48 Functional Test Point PASS!!!
        [1092000 ns] Test is running, debug_wb_pc = 0x1c05afc4
        [1102000 ns] Test is running, debug_wb_pc = 0x1c05b010
        [1112000 ns] Test is running, debug_wb_pc = 0x1c05b010
        [1122000 ns] Test is running, debug_wb_pc = 0x1c05b010
        [1132000 ns] Test is running, debug_wb_pc = 0x1c05b01c
        [1142000 ns] Test is running, debug_wb_pc = 0x1c05b01c
        [1152000 ns] Test is running, debug_wb_pc = 0x1c05b01c
        [1162000 ns] Test is running, debug_wb_pc = 0x1c05b01c
        [1172000 ns] Test is running, debug_wb_pc = 0x1c05b0c8
        [1182000 ns] Test is running, debug_wb_pc = 0x1c05b0c8
        [1192000 ns] Test is running, debug_wb_pc = 0x1c05b0c8
        [1202000 ns] Test is running, debug_wb_pc = 0x1c05b0c8
        [1212000 ns] Test is running, debug_wb_pc = 0x1c05b0d4
        [1222000 ns] Test is running, debug_wb_pc = 0x1c05b0d4
        [1232000 ns] Test is running, debug_wb_pc = 0x1c05b0d4
        [1242000 ns] Test is running, debug_wb_pc = 0x1c05b0d4
        [1252000 ns] Test is running, debug_wb_pc = 0x1c05b17c
        [1262000 ns] Test is running, debug_wb_pc = 0x1c05b17c
        [1272000 ns] Test is running, debug_wb_pc = 0x1c05b17c
        [1282000 ns] Test is running, debug_wb_pc = 0x1c05b17c
        [1292000 ns] Test is running, debug_wb_pc = 0x1c05b188
        [1302000 ns] Test is running, debug_wb_pc = 0x1c05b188
        [1312000 ns] Test is running, debug_wb_pc = 0x1c05b188
        [1322000 ns] Test is running, debug_wb_pc = 0x1c05b208
        [1332000 ns] Test is running, debug_wb_pc = 0x1c05b208
        [1342000 ns] Test is running, debug_wb_pc = 0x1c05b208
        [1352000 ns] Test is running, debug_wb_pc = 0x1c05b208
        [1362000 ns] Test is running, debug_wb_pc = 0x1c05b214
        [1372000 ns] Test is running, debug_wb_pc = 0x1c05b214
        [1382000 ns] Test is running, debug_wb_pc = 0x1c05b214
        [1392000 ns] Test is running, debug_wb_pc = 0x1c05b214
        [1402000 ns] Test is running, debug_wb_pc = 0x1c05b2ac
        [1412000 ns] Test is running, debug_wb_pc = 0x1c05b2ac
        [1422000 ns] Test is running, debug_wb_pc = 0x1c05b2ac
        [1432000 ns] Test is running, debug_wb_pc = 0x1c0081cc
        [1442000 ns] Test is running, debug_wb_pc = 0x1c05b2b8
        [1452000 ns] Test is running, debug_wb_pc = 0x1c05b2b8
        [1462000 ns] Test is running, debug_wb_pc = 0x1c05b2b8
        [1472000 ns] Test is running, debug_wb_pc = 0x1c05b338
        [1482000 ns] Test is running, debug_wb_pc = 0x1c05b338
        [1492000 ns] Test is running, debug_wb_pc = 0x1c05b338
        [1502000 ns] Test is running, debug_wb_pc = 0x1c05b338
        [1512000 ns] Test is running, debug_wb_pc = 0x1c05b344
        [1522000 ns] Test is running, debug_wb_pc = 0x1c05b344
        [1532000 ns] Test is running, debug_wb_pc = 0x1c05b344
        [1542000 ns] Test is running, debug_wb_pc = 0x1c05b344
        [1552000 ns] Test is running, debug_wb_pc = 0x1c05b3cc
        [1562000 ns] Test is running, debug_wb_pc = 0x1c05b3cc
        [1572000 ns] Test is running, debug_wb_pc = 0x1c05b3cc
        [1582000 ns] Test is running, debug_wb_pc = 0x1c05b3cc
        [1592000 ns] Test is running, debug_wb_pc = 0x1c05b3d8
        [1602000 ns] Test is running, debug_wb_pc = 0x1c05b3d8
        [1612000 ns] Test is running, debug_wb_pc = 0x1c05b3d8
        [1622000 ns] Test is running, debug_wb_pc = 0x1c05b428
----[1623155 ns] Number 8'd49 Functional Test Point PASS!!!
----[1627045 ns] Number 8'd50 Functional Test Point PASS!!!
        [1632000 ns] Test is running, debug_wb_pc = 0x1c036e40
----[1634815 ns] Number 8'd51 Functional Test Point PASS!!!
----[1640005 ns] Number 8'd52 Functional Test Point PASS!!!
        [1642000 ns] Test is running, debug_wb_pc = 0x1c07a160
----[1645265 ns] Number 8'd53 Functional Test Point PASS!!!
----[1650525 ns] Number 8'd54 Functional Test Point PASS!!!
        [1652000 ns] Test is running, debug_wb_pc = 0x1c07011c
----[1655795 ns] Number 8'd55 Functional Test Point PASS!!!
----[1661135 ns] Number 8'd56 Functional Test Point PASS!!!
        [1662000 ns] Test is running, debug_wb_pc = 0x1c034c20
----[1666475 ns] Number 8'd57 Functional Test Point PASS!!!
----[1668875 ns] Number 8'd58 Functional Test Point PASS!!!
==============================================================
gettrace end!
----Succeed in generating trace file!
$finish called at time : 1669205 ns : File "D:/Labs/CALab/mycpu_env/gettrace/src/tb_top.v" Line 224
